<?xml version="1.0" encoding="UTF-8"?>
<!-- Generated by org.testng.reporters.JUnitReportReporter -->
<testsuite hostname="DESKTOP-RDURFQE" failures="0" tests="5" name="HWs_TestNG.TestNG_Annotations" time="٠.٠٤٣" errors="0" timestamp="٢٠٢٥-٠٨-١٠T٠٢:٤٩:١٠ EEST" skipped="0">
  <testcase classname="HWs_TestNG.TestNG_Annotations" name="beforeTest" time="٠.٠٢٣"/>
  <testcase classname="HWs_TestNG.TestNG_Annotations" name="beforeClass" time="٠.٠٠٤"/>
  <testcase classname="HWs_TestNG.TestNG_Annotations" name="test" time="٠.٠٠٤"/>
  <testcase classname="HWs_TestNG.TestNG_Annotations" name="afterTest" time="٠.٠٠٤"/>
  <testcase classname="HWs_TestNG.TestNG_Annotations" name="afterClass" time="٠.٠٠٨"/>
</testsuite> <!-- HWs_TestNG.TestNG_Annotations -->
