<?xml version="1.0" encoding="UTF-8"?>
<!-- Generated by org.testng.reporters.JUnitReportReporter -->
<testsuite hostname="DESKTOP-RDURFQE" failures="0" tests="1" name="TestNG_Parameters.ParameterizedTest" time="٠.٠٢٢" errors="0" timestamp="٢٠٢٥-٠٨-١٢T٠٠:٤١:٠٠ EEST" skipped="0">
  <testcase classname="TestNG_Parameters.ParameterizedTest" name="parameterTest" time="٠.٠٢٢"/>
</testsuite> <!-- TestNG_Parameters.ParameterizedTest -->
