<?xml version="1.0" encoding="UTF-8"?>
<!-- Generated by org.testng.reporters.JUnitReportReporter -->
<testsuite hostname="DESKTOP-RDURFQE" failures="0" tests="3" name="TestNG.NewTest" time="٠.٠٣٠" errors="0" timestamp="٢٠٢٥-٠٨-١٠T٠١:٠٨:٥٥ EEST" skipped="0">
  <testcase classname="TestNG.NewTest" name="f" time="٠.٠١٩"/>
  <testcase classname="TestNG.NewTest" name="f3" time="٠.٠٠٦"/>
  <testcase classname="TestNG.NewTest" name="f2" time="٠.٠٠٥"/>
</testsuite> <!-- TestNG.NewTest -->
