<?xml version="1.0" encoding="UTF-8"?>
<!-- Generated by org.testng.reporters.JUnitReportReporter -->
<testsuite hostname="DESKTOP-RDURFQE" failures="0" tests="4" name="TestNG_HWs.FruitShop" time="٠.٠٢٨" errors="0" timestamp="٢٠٢٥-٠٨-١١T٠٣:١٦:٣٥ EEST" skipped="0">
  <testcase classname="TestNG_HWs.FruitShop" name="cartLength" time="٠.٠١٩"/>
  <testcase classname="TestNG_HWs.FruitShop" name="noPineapple" time="٠.٠٠٣"/>
  <testcase classname="TestNG_HWs.FruitShop" name="secondItem" time="٠.٠٠٣"/>
  <testcase classname="TestNG_HWs.FruitShop" name="addingMango" time="٠.٠٠٣"/>
</testsuite> <!-- TestNG_HWs.FruitShop -->
