<?xml version="1.0" encoding="UTF-8"?>
<!-- Generated by org.testng.reporters.JUnitReportReporter -->
<testsuite hostname="DESKTOP-RDURFQE" failures="0" tests="2" name="TestingBrowser.RegistrationTest" time="٠.٠٢٠" errors="0" timestamp="٢٠٢٥-٠٨-١٠T٠١:٢٦:٠٧ EEST" skipped="0">
  <testcase classname="TestingBrowser.RegistrationTest" name="testSuccessfulRegistration" time="٠.٠١٤"/>
  <testcase classname="TestingBrowser.RegistrationTest" name="testInvalidRegistration" time="٠.٠٠٦"/>
</testsuite> <!-- TestingBrowser.RegistrationTest -->
