<?xml version="1.0" encoding="UTF-8"?>
<!-- Generated by org.testng.reporters.JUnitReportReporter -->
<testsuite hostname="DESKTOP-RDURFQE" failures="0" tests="1" name="TestNG_Assertion.CalculatorTestPass" time="٠.٠٢٣" errors="0" timestamp="٢٠٢٥-٠٨-١٠T١٨:١٦:٠٣ EEST" skipped="0">
  <testcase classname="TestNG_Assertion.CalculatorTestPass" name="testAddition" time="٠.٠٢٣"/>
</testsuite> <!-- TestNG_Assertion.CalculatorTestPass -->
