<?xml version="1.0" encoding="UTF-8"?>
<!-- Generated by org.testng.reporters.JUnitReportReporter -->
<testsuite hostname="DESKTOP-RDURFQE" failures="0" tests="2" name="TestingBrowser.LoginTest" time="٠.٠٢٢" errors="0" timestamp="٢٠٢٥-٠٨-١٠T٠١:٢٦:٠٧ EEST" skipped="0">
  <testcase classname="TestingBrowser.LoginTest" name="testSuccessfulLogin" time="٠.٠١٥"/>
  <testcase classname="TestingBrowser.LoginTest" name="testInvalidLogin" time="٠.٠٠٧"/>
</testsuite> <!-- TestingBrowser.LoginTest -->
