<?xml version="1.0" encoding="UTF-8"?>
<!-- Generated by org.testng.reporters.JUnitReportReporter -->
<testsuite hostname="DESKTOP-RDURFQE" failures="0" tests="4" name="TestNG_HWs.FruitShop" time="٠.٠٤٩" errors="0" timestamp="٢٠٢٥-٠٨-١٢T١٩:٢٠:٠٥ EEST" skipped="0">
  <testcase classname="TestNG_HWs.FruitShop" name="cartLength" time="٠.٠٢١"/>
  <testcase classname="TestNG_HWs.FruitShop" name="noPineapple" time="٠.٠١٣"/>
  <testcase classname="TestNG_HWs.FruitShop" name="secondItem" time="٠.٠٠٥"/>
  <testcase classname="TestNG_HWs.FruitShop" name="addingMango" time="٠.٠١٠"/>
</testsuite> <!-- TestNG_HWs.FruitShop -->
