<?xml version="1.0" encoding="UTF-8"?>
<!-- Generated by org.testng.reporters.JUnitReportReporter -->
<testsuite hostname="DESKTOP-RDURFQE" failures="0" tests="3" name="TestNG_Parameters.LoginTestDDT" time="٠.٠٣١" errors="0" timestamp="٢٠٢٥-٠٨-١٢T٠١:١٥:٢٩ EEST" skipped="0">
  <testcase classname="TestNG_Parameters.LoginTestDDT" name="loginTest" time="٠.٠٢١"/>
  <testcase classname="TestNG_Parameters.LoginTestDDT" name="loginTest" time="٠.٠٠٥"/>
  <testcase classname="TestNG_Parameters.LoginTestDDT" name="loginTest" time="٠.٠٠٥"/>
</testsuite> <!-- TestNG_Parameters.LoginTestDDT -->
