<?xml version="1.0" encoding="UTF-8"?>
<!-- Generated by org.testng.reporters.JUnitReportReporter -->
<testsuite hostname="DESKTOP-RDURFQE" failures="0" tests="3" name="TestNG_HWs.TestNG_Annotations" time="٠.٠٢٩" errors="0" timestamp="٢٠٢٥-٠٨-١٠T١٧:٤٩:٠٤ EEST" skipped="0">
  <testcase classname="TestNG_HWs.TestNG_Annotations" name="afterClass" time="٠.٠١٠"/>
  <testcase classname="TestNG_HWs.TestNG_Annotations" name="afterTest" time="٠.٠٠٤"/>
  <testcase classname="TestNG_HWs.TestNG_Annotations" name="test" time="٠.٠١٥"/>
</testsuite> <!-- TestNG_HWs.TestNG_Annotations -->
