<?xml version="1.0" encoding="UTF-8"?>
<!-- Generated by org.testng.reporters.JUnitReportReporter -->
<testsuite hostname="DESKTOP-RDURFQE" failures="0" tests="1" name="TestNG_Sort_Assertions.CalculatorTestPass" time="٠.٠٣٥" errors="0" timestamp="٢٠٢٥-٠٨-١٠T٢٠:٣٧:١٩ EEST" skipped="0">
  <testcase classname="TestNG_Sort_Assertions.CalculatorTestPass" name="testAddition" time="٠.٠٣٥"/>
</testsuite> <!-- TestNG_Sort_Assertions.CalculatorTestPass -->
